Arguments: 
  /usr/bin/node /usr/share/yarn/bin/yarn.js install --force

PATH: 
  /sbin:/bin:/usr/sbin:/usr/bin

Yarn version: 
  1.7.0

Node version: 
  8.11.1

Platform: 
  linux x64

Trace: 
  Error: EPROTO: protocol error, symlink '../../../acorn/bin/acorn' -> '/opt/openproject/public/Philance/server-api/node_modules/acorn-globals/node_modules/.bin/acorn'

npm manifest: 
  {
    "name": "philance-server-api",
    "version": "0.0.0",
    "private": true,
    "scripts": {
      "test": "echo \"Error: no test specified\" && exit 1",
      "start": "nodemon ./bin/www"
    },
    "dependencies": {
      "bcrypt": "^2.0.1",
      "body-parser": "^1.18.3",
      "cookie-parser": "~1.4.3",
      "debug": "~2.6.9",
      "express": "~4.16.0",
      "global": "^4.3.2",
      "http-errors": "~1.6.2",
      "jade": "~1.11.0",
      "jsonwebtoken": "^8.3.0",
      "moment": "^2.22.2",
      "morgan": "~1.9.0",
      "mysql": "^2.15.0",
      "serve": "^9.1.2"
    },
    "devDependencies": {
      "nodemon": "^1.17.5"
    }
  }

yarn manifest: 
  No manifest

Lockfile: 
  No lockfile
